-------------------------------------------------------------------------------
Test set: com.project.finance.repository.AccountRepositoryTest
-------------------------------------------------------------------------------
Tests run: 1, Failures: 0, Errors: 1, Skipped: 0, Time elapsed: 0.011 s <<< FAILURE! - in com.project.finance.repository.AccountRepositoryTest
initializationError(com.project.finance.repository.AccountRepositoryTest)  Time elapsed: 0.004 s  <<< ERROR!
java.lang.NoClassDefFoundError: org/hamcrest/SelfDescribing
Caused by: java.lang.ClassNotFoundException: org.hamcrest.SelfDescribing

